<?xml version="1.0" encoding="UTF-8"?>
<!-- Generated by org.testng.reporters.JUnitReportReporter -->
<testsuite skipped="0" hostname="DESKTOP-1C7TUAO" name="mortgageCalculatorTest.PurchaseTest" tests="2" failures="0" timestamp="14 Nov 2018 16:56:38 GMT" time="24.224" errors="0">
  <testcase name="homePage" time="0.517" classname="mortgageCalculatorTest.PurchaseTest"/>
  <testcase name="mortgageCalculator" time="23.707" classname="mortgageCalculatorTest.PurchaseTest"/>
</testsuite> <!-- mortgageCalculatorTest.PurchaseTest -->
