<?xml version="1.0" encoding="UTF-8"?>
<!-- Generated by org.testng.reporters.JUnitReportReporter -->
<testsuite skipped="0" hostname="DESKTOP-1C7TUAO" name="mortgageCalculatorTest.PurchaseTest" tests="2" failures="0" timestamp="13 Nov 2018 05:28:54 GMT" time="4.222" errors="0">
  <testcase name="mortgageCalculator" time="3.710" classname="mortgageCalculatorTest.PurchaseTest"/>
  <testcase name="homePage" time="0.512" classname="mortgageCalculatorTest.PurchaseTest"/>
</testsuite> <!-- mortgageCalculatorTest.PurchaseTest -->
