<?xml version="1.0" encoding="UTF-8"?>
<!-- Generated by org.testng.reporters.JUnitReportReporter -->
<testsuite skipped="0" hostname="DESKTOP-1C7TUAO" name="mortgageCalculatorTest.WebElements" tests="8" failures="0" timestamp="13 Nov 2018 01:42:24 GMT" time="7.937" errors="0">
  <testcase name="displayed" time="0.599" classname="mortgageCalculatorTest.WebElements"/>
  <testcase name="dropDowns" time="0.319" classname="mortgageCalculatorTest.WebElements"/>
  <testcase name="checkBoxes" time="0.277" classname="mortgageCalculatorTest.WebElements"/>
  <testcase name="getTitle" time="5.130" classname="mortgageCalculatorTest.WebElements"/>
  <testcase name="jsExecutorExample" time="0.157" classname="mortgageCalculatorTest.WebElements"/>
  <testcase name="radioButtons" time="0.295" classname="mortgageCalculatorTest.WebElements"/>
  <testcase name="alertPopup" time="0.161" classname="mortgageCalculatorTest.WebElements"/>
  <testcase name="scope" time="0.999" classname="mortgageCalculatorTest.WebElements"/>
</testsuite> <!-- mortgageCalculatorTest.WebElements -->
