<?xml version="1.0" encoding="UTF-8"?>
<!-- Generated by org.testng.reporters.JUnitReportReporter -->
<testsuite skipped="0" hostname="DESKTOP-1C7TUAO" name="mortgageCalculatorTest.PurchaseTest" tests="3" failures="0" timestamp="14 Nov 2018 18:00:17 GMT" time="57.672" errors="0">
  <testcase name="refinanceCalculator" time="17.756" classname="mortgageCalculatorTest.PurchaseTest"/>
  <testcase name="mortgageCalculator" time="39.377" classname="mortgageCalculatorTest.PurchaseTest"/>
  <testcase name="homePage" time="0.539" classname="mortgageCalculatorTest.PurchaseTest"/>
</testsuite> <!-- mortgageCalculatorTest.PurchaseTest -->
