<?xml version="1.0" encoding="UTF-8"?>
<!-- Generated by org.testng.reporters.JUnitReportReporter -->
<testsuite hostname="DESKTOP-1C7TUAO" failures="0" tests="3" name="mortgageCalculatorTest.PurchaseTest" time="59.242" errors="0" timestamp="14 Nov 2018 18:04:06 GMT" skipped="0">
  <testcase classname="mortgageCalculatorTest.PurchaseTest" name="refinanceCalculator" time="19.416"/>
  <testcase classname="mortgageCalculatorTest.PurchaseTest" name="homePage" time="0.549"/>
  <testcase classname="mortgageCalculatorTest.PurchaseTest" name="mortgageCalculator" time="39.277"/>
</testsuite> <!-- mortgageCalculatorTest.PurchaseTest -->
