<?xml version="1.0" encoding="UTF-8"?>
<!-- Generated by org.testng.reporters.JUnitReportReporter -->
<testsuite hostname="DESKTOP-1C7TUAO" failures="0" tests="2" name="mortgageCalculatorTest.PurchaseTest" time="3.732" errors="0" timestamp="13 Nov 2018 05:29:56 GMT" skipped="0">
  <testcase classname="mortgageCalculatorTest.PurchaseTest" name="mortgageCalculator" time="3.256"/>
  <testcase classname="mortgageCalculatorTest.PurchaseTest" name="homePage" time="0.476"/>
</testsuite> <!-- mortgageCalculatorTest.PurchaseTest -->
